<?xml version="1.0" encoding="UTF-8"?>
<testsuite xmlns:xsi="http://www.w3.org/2001/XMLSchema-instance" xsi:noNamespaceSchemaLocation="https://maven.apache.org/surefire/maven-surefire-plugin/xsd/surefire-test-report.xsd" name="fr.univ.nantes.alma.engine.TestSpellCardRepository" time="5.988" tests="2" errors="0" skipped="0" failures="0">
  <properties>
[...]
</properties>
  <testcase name="testFindByType" classname="fr.univ.nantes.alma.engine.TestSpellCardRepository" time="0.515"/>
  <testcase name="testFindById" classname="fr.univ.nantes.alma.engine.TestSpellCardRepository" time="0.045"/>
</testsuite>